
Showing logs for build [32mcb-kubecd-environment-pr-185-47-6tgdg-2[0m stage [32mfrom-build-pack[0m and container [32mstep-credential-initializer-cjw8v[0m
{"level":"warn","ts":1584972327.8601503,"logger":"fallback-logger","caller":"logging/config.go:69","msg":"Fetch GitHub commit ID from kodata failed: \"ref: refs/heads/0.8.0-**-support-backwards-incompats\" is not a valid GitHub commit ID"}
{"level":"info","ts":1584972327.8604128,"logger":"fallback-logger","caller":"creds-init/main.go:40","msg":"Credentials initialized."}

Showing logs for build [32mcb-kubecd-environment-pr-185-47-6tgdg-2[0m stage [32mfrom-build-pack[0m and container [32mstep-working-dir-initializer-m2q5r[0m
{"level":"warn","ts":1584972329.090301,"logger":"fallback-logger","caller":"logging/config.go:69","msg":"Fetch GitHub commit ID from kodata failed: open /var/run/ko/HEAD: no such file or directory"}
{"level":"info","ts":1584972329.0910718,"logger":"fallback-logger","caller":"bash/main.go:64","msg":"Successfully executed command \"sh -c mkdir -p /workspace/source\"; output "}

Showing logs for build [32mcb-kubecd-environment-pr-185-47-6tgdg-2[0m stage [32mfrom-build-pack[0m and container [32mstep-place-tools[0m

Showing logs for build [32mcb-kubecd-environment-pr-185-47-6tgdg-2[0m stage [32mfrom-build-pack[0m and container [32mstep-git-source-cb-kubecd-environment-pr-185-47-6tgdg-n2f2f[0m
{"level":"warn","ts":1584972333.1041853,"logger":"fallback-logger","caller":"logging/config.go:69","msg":"Fetch GitHub commit ID from kodata failed: \"ref: refs/heads/0.8.0-**-support-backwards-incompats\" is not a valid GitHub commit ID"}
{"level":"info","ts":1584972333.287627,"logger":"fallback-logger","caller":"git/git.go:103","msg":"Successfully cloned https://github.com/cb-kubecd/environment-pr-185-47-boot-eks-staging.git @ master in path /workspace/source"}

Showing logs for build [32mcb-kubecd-environment-pr-185-47-6tgdg-2[0m stage [32mfrom-build-pack[0m and container [32mstep-git-merge[0m
Using SHAs from PULL_REFS=master:a078e0cc6d0cb4b40b1b5fa4f11faff9e248af33,1:77f730676ea04512b107b6d91713fea2e86f57e6
DEBUG: JX_LOG_LEVEL=error LC_ALL=C git fetch origin --unshallow 77f730676ea04512b107b6d91713fea2e86f57e6: a078e0cc6d0cb4b40b1b5fa4f11faff9e248af33:
DEBUG: ran git fetch --unshallow origin 77f730676ea04512b107b6d91713fea2e86f57e6: a078e0cc6d0cb4b40b1b5fa4f11faff9e248af33: in 
DEBUG: LC_ALL=C JX_LOG_LEVEL=error git branch
DEBUG: JX_LOG_LEVEL=error LC_ALL=C git checkout master
DEBUG: ran git checkout master in 
DEBUG: LC_ALL=C JX_LOG_LEVEL=error git reset --hard a078e0cc6d0cb4b40b1b5fa4f11faff9e248af33
DEBUG: ran git reset --hard a078e0cc6d0cb4b40b1b5fa4f11faff9e248af33 in 
DEBUG: LC_ALL=C JX_LOG_LEVEL=error git clean -fd .
DEBUG: ran clean --force -d . in 
DEBUG: LC_ALL=C JX_LOG_LEVEL=error git merge 77f730676ea04512b107b6d91713fea2e86f57e6
DEBUG: ran git merge 77f730676ea04512b107b6d91713fea2e86f57e6 in 
DEBUG: LC_ALL=C JX_LOG_LEVEL=error git log --format=%H%x1f%an%x1f%ae%x1f%cn%x1f%ce%x1f%s%n%b%x1e a078e0cc6d0cb4b40b1b5fa4f11faff9e248af33..HEAD
Merged SHA 77f730676ea04512b107b6d91713fea2e86f57e6 with commit message 'chore: Promote bdd-spring-1584971734 to version 0.0.1' into base branch master

Showing logs for build [32mcb-kubecd-environment-pr-185-47-6tgdg-2[0m stage [32mfrom-build-pack[0m and container [32mstep-build-helm-build[0m
WARNING: No $CHART_REPOSITORY defined so using the default value of: http://jenkins-x-chartmuseum:8080
Adding missing Helm repo: storage.googleapis.com https://storage.googleapis.com/chartmuseum.jenkins-x.io
WARNING: No secrets found on "helm/repos" due: reading the secret "helm/repos" from vault: no secret "helm/repos" not found in vault
Read credentials for https://storage.googleapis.com/chartmuseum.jenkins-x.io from vault helm/repos
Successfully added Helm repository storage.googleapis.com.
Adding missing Helm repo: jenkins-x-chartmuseum http://jenkins-x-chartmuseum:8080
WARNING: No secrets found on "helm/repos" due: reading the secret "helm/repos" from vault: no secret "helm/repos" not found in vault
Read credentials for http://jenkins-x-chartmuseum:8080 from vault helm/repos
Successfully added Helm repository jenkins-x-chartmuseum.
WARNING: No $CHART_REPOSITORY defined so using the default value of: http://jenkins-x-chartmuseum:8080
Adding missing Helm repo: chartmuseum.jenkins-x.io http://chartmuseum.jenkins-x.io
WARNING: No secrets found on "helm/repos" due: reading the secret "helm/repos" from vault: no secret "helm/repos" not found in vault
Read credentials for http://chartmuseum.jenkins-x.io from vault helm/repos
Successfully added Helm repository chartmuseum.jenkins-x.io.
