
Showing logs for build [32mcb-kubecd-environment-pr-185-47-gm656-1[0m stage [32mfrom-build-pack[0m and container [32mstep-credential-initializer-7nz5h[0m
{"level":"warn","ts":1584974236.265047,"logger":"fallback-logger","caller":"logging/config.go:69","msg":"Fetch GitHub commit ID from kodata failed: \"ref: refs/heads/0.8.0-**-support-backwards-incompats\" is not a valid GitHub commit ID"}
{"level":"info","ts":1584974236.2654028,"logger":"fallback-logger","caller":"creds-init/main.go:40","msg":"Credentials initialized."}

Showing logs for build [32mcb-kubecd-environment-pr-185-47-gm656-1[0m stage [32mfrom-build-pack[0m and container [32mstep-working-dir-initializer-7fjd5[0m
{"level":"warn","ts":1584974237.2607148,"logger":"fallback-logger","caller":"logging/config.go:69","msg":"Fetch GitHub commit ID from kodata failed: open /var/run/ko/HEAD: no such file or directory"}
{"level":"info","ts":1584974237.26153,"logger":"fallback-logger","caller":"bash/main.go:64","msg":"Successfully executed command \"sh -c mkdir -p /workspace/source\"; output "}

Showing logs for build [32mcb-kubecd-environment-pr-185-47-gm656-1[0m stage [32mfrom-build-pack[0m and container [32mstep-place-tools[0m

Showing logs for build [32mcb-kubecd-environment-pr-185-47-gm656-1[0m stage [32mfrom-build-pack[0m and container [32mstep-git-source-cb-kubecd-environment-pr-185-47-gm656-st4vr[0m
{"level":"warn","ts":1584974242.3282409,"logger":"fallback-logger","caller":"logging/config.go:69","msg":"Fetch GitHub commit ID from kodata failed: \"ref: refs/heads/0.8.0-**-support-backwards-incompats\" is not a valid GitHub commit ID"}
{"level":"info","ts":1584974242.5357516,"logger":"fallback-logger","caller":"git/git.go:103","msg":"Successfully cloned https://github.com/cb-kubecd/environment-pr-185-47-boot-eks-staging.git @ master in path /workspace/source"}

Showing logs for build [32mcb-kubecd-environment-pr-185-47-gm656-1[0m stage [32mfrom-build-pack[0m and container [32mstep-git-merge[0m
Using SHAs from PULL_REFS=master:b9021f3de6fdaeb534994ba06e1af70b5344d9e8,2:2746d48cc413dd8232cc8c2cf8a7bd2c9d3222ba
DEBUG: LC_ALL=C JX_LOG_LEVEL=error git fetch origin --unshallow 2746d48cc413dd8232cc8c2cf8a7bd2c9d3222ba: b9021f3de6fdaeb534994ba06e1af70b5344d9e8:
DEBUG: ran git fetch --unshallow origin 2746d48cc413dd8232cc8c2cf8a7bd2c9d3222ba: b9021f3de6fdaeb534994ba06e1af70b5344d9e8: in 
DEBUG: LC_ALL=C JX_LOG_LEVEL=error git branch
DEBUG: LC_ALL=C JX_LOG_LEVEL=error git checkout master
DEBUG: ran git checkout master in 
DEBUG: JX_LOG_LEVEL=error LC_ALL=C git reset --hard b9021f3de6fdaeb534994ba06e1af70b5344d9e8
DEBUG: ran git reset --hard b9021f3de6fdaeb534994ba06e1af70b5344d9e8 in 
DEBUG: LC_ALL=C JX_LOG_LEVEL=error git clean -fd .
DEBUG: ran clean --force -d . in 
DEBUG: LC_ALL=C JX_LOG_LEVEL=error git merge 2746d48cc413dd8232cc8c2cf8a7bd2c9d3222ba
DEBUG: ran git merge 2746d48cc413dd8232cc8c2cf8a7bd2c9d3222ba in 
DEBUG: JX_LOG_LEVEL=error LC_ALL=C git log --format=%H%x1f%an%x1f%ae%x1f%cn%x1f%ce%x1f%s%n%b%x1e b9021f3de6fdaeb534994ba06e1af70b5344d9e8..HEAD
Merged SHA 2746d48cc413dd8232cc8c2cf8a7bd2c9d3222ba with commit message 'chore: Promote bdd-sbhg-1584973287 to version 0.0.1' into base branch master

Showing logs for build [32mcb-kubecd-environment-pr-185-47-gm656-1[0m stage [32mfrom-build-pack[0m and container [32mstep-build-helm-build[0m
WARNING: No $CHART_REPOSITORY defined so using the default value of: http://jenkins-x-chartmuseum:8080
Adding missing Helm repo: storage.googleapis.com https://storage.googleapis.com/chartmuseum.jenkins-x.io
WARNING: No secrets found on "helm/repos" due: reading the secret "helm/repos" from vault: no secret "helm/repos" not found in vault
Read credentials for https://storage.googleapis.com/chartmuseum.jenkins-x.io from vault helm/repos
Successfully added Helm repository storage.googleapis.com.
Adding missing Helm repo: jenkins-x-chartmuseum http://jenkins-x-chartmuseum:8080
WARNING: No secrets found on "helm/repos" due: reading the secret "helm/repos" from vault: no secret "helm/repos" not found in vault
Read credentials for http://jenkins-x-chartmuseum:8080 from vault helm/repos
Successfully added Helm repository jenkins-x-chartmuseum.
WARNING: No $CHART_REPOSITORY defined so using the default value of: http://jenkins-x-chartmuseum:8080
Adding missing Helm repo: chartmuseum.jenkins-x.io http://chartmuseum.jenkins-x.io
WARNING: No secrets found on "helm/repos" due: reading the secret "helm/repos" from vault: no secret "helm/repos" not found in vault
Read credentials for http://chartmuseum.jenkins-x.io from vault helm/repos
Successfully added Helm repository chartmuseum.jenkins-x.io.
