
Showing logs for build [32mcb-kubecd-environment-pr-185-47-466lw-1[0m stage [32mfrom-build-pack[0m and container [32mstep-credential-initializer-wg7l5[0m
{"level":"warn","ts":1584975953.2339618,"logger":"fallback-logger","caller":"logging/config.go:69","msg":"Fetch GitHub commit ID from kodata failed: \"ref: refs/heads/0.8.0-**-support-backwards-incompats\" is not a valid GitHub commit ID"}
{"level":"info","ts":1584975953.2341988,"logger":"fallback-logger","caller":"creds-init/main.go:40","msg":"Credentials initialized."}

Showing logs for build [32mcb-kubecd-environment-pr-185-47-466lw-1[0m stage [32mfrom-build-pack[0m and container [32mstep-working-dir-initializer-62t9h[0m
{"level":"warn","ts":1584975954.2147896,"logger":"fallback-logger","caller":"logging/config.go:69","msg":"Fetch GitHub commit ID from kodata failed: open /var/run/ko/HEAD: no such file or directory"}
{"level":"info","ts":1584975954.2162719,"logger":"fallback-logger","caller":"bash/main.go:64","msg":"Successfully executed command \"sh -c mkdir -p /workspace/source\"; output "}

Showing logs for build [32mcb-kubecd-environment-pr-185-47-466lw-1[0m stage [32mfrom-build-pack[0m and container [32mstep-place-tools[0m

Showing logs for build [32mcb-kubecd-environment-pr-185-47-466lw-1[0m stage [32mfrom-build-pack[0m and container [32mstep-git-source-cb-kubecd-environment-pr-185-47-466lw-hvlg6[0m
{"level":"warn","ts":1584975958.3435962,"logger":"fallback-logger","caller":"logging/config.go:69","msg":"Fetch GitHub commit ID from kodata failed: \"ref: refs/heads/0.8.0-**-support-backwards-incompats\" is not a valid GitHub commit ID"}
{"level":"info","ts":1584975958.6015935,"logger":"fallback-logger","caller":"git/git.go:103","msg":"Successfully cloned https://github.com/cb-kubecd/environment-pr-185-47-boot-eks-staging.git @ master in path /workspace/source"}

Showing logs for build [32mcb-kubecd-environment-pr-185-47-466lw-1[0m stage [32mfrom-build-pack[0m and container [32mstep-git-merge[0m
Using SHAs from PULL_REFS=master:1b749b7c3855f5c834e04b120bd4d3b66b975daf,3:60788dc4a145dcddc50e11dcfdf2f98dfaf17597
DEBUG: LC_ALL=C JX_LOG_LEVEL=error git fetch origin --unshallow 60788dc4a145dcddc50e11dcfdf2f98dfaf17597: 1b749b7c3855f5c834e04b120bd4d3b66b975daf:
DEBUG: ran git fetch --unshallow origin 60788dc4a145dcddc50e11dcfdf2f98dfaf17597: 1b749b7c3855f5c834e04b120bd4d3b66b975daf: in 
DEBUG: LC_ALL=C JX_LOG_LEVEL=error git branch
DEBUG: LC_ALL=C JX_LOG_LEVEL=error git checkout master
DEBUG: ran git checkout master in 
DEBUG: LC_ALL=C JX_LOG_LEVEL=error git reset --hard 1b749b7c3855f5c834e04b120bd4d3b66b975daf
DEBUG: ran git reset --hard 1b749b7c3855f5c834e04b120bd4d3b66b975daf in 
DEBUG: LC_ALL=C JX_LOG_LEVEL=error git clean -fd .
DEBUG: ran clean --force -d . in 
DEBUG: LC_ALL=C JX_LOG_LEVEL=error git merge 60788dc4a145dcddc50e11dcfdf2f98dfaf17597
DEBUG: ran git merge 60788dc4a145dcddc50e11dcfdf2f98dfaf17597 in 
DEBUG: LC_ALL=C JX_LOG_LEVEL=error git log --format=%H%x1f%an%x1f%ae%x1f%cn%x1f%ce%x1f%s%n%b%x1e 1b749b7c3855f5c834e04b120bd4d3b66b975daf..HEAD
Merged SHA 60788dc4a145dcddc50e11dcfdf2f98dfaf17597 with commit message 'chore: Promote bdd-gh-1584973287 to version 0.0.1' into base branch master

Showing logs for build [32mcb-kubecd-environment-pr-185-47-466lw-1[0m stage [32mfrom-build-pack[0m and container [32mstep-build-helm-build[0m
WARNING: No $CHART_REPOSITORY defined so using the default value of: http://jenkins-x-chartmuseum:8080
Adding missing Helm repo: storage.googleapis.com https://storage.googleapis.com/chartmuseum.jenkins-x.io
WARNING: No secrets found on "helm/repos" due: reading the secret "helm/repos" from vault: no secret "helm/repos" not found in vault
Read credentials for https://storage.googleapis.com/chartmuseum.jenkins-x.io from vault helm/repos
Successfully added Helm repository storage.googleapis.com.
Adding missing Helm repo: jenkins-x-chartmuseum http://jenkins-x-chartmuseum:8080
WARNING: No secrets found on "helm/repos" due: reading the secret "helm/repos" from vault: no secret "helm/repos" not found in vault
Read credentials for http://jenkins-x-chartmuseum:8080 from vault helm/repos
Successfully added Helm repository jenkins-x-chartmuseum.
WARNING: No $CHART_REPOSITORY defined so using the default value of: http://jenkins-x-chartmuseum:8080
Adding missing Helm repo: chartmuseum.jenkins-x.io http://chartmuseum.jenkins-x.io
WARNING: No secrets found on "helm/repos" due: reading the secret "helm/repos" from vault: no secret "helm/repos" not found in vault
Read credentials for http://chartmuseum.jenkins-x.io from vault helm/repos
Successfully added Helm repository chartmuseum.jenkins-x.io.
